<?xml version="1.0" encoding="UTF-8"?>
<!-- Generated by org.testng.reporters.JUnitReportReporter -->
<testsuite skipped="0" hostname="Anil3151946" name="com.nagp.amazon.tests.AmazonProductSearchResultsPageTest" tests="1" failures="0" timestamp="2021-05-13T17:31:52 IST" time="14.431" errors="0">
  <testcase name="validateSortSearchResultsByPriceLowToHighTest" time="14.431" classname="com.nagp.amazon.tests.AmazonProductSearchResultsPageTest"/>
  <system-out/>
</testsuite> <!-- com.nagp.amazon.tests.AmazonProductSearchResultsPageTest -->
